<?xml version="1.0" encoding="UTF-8"?>
<!-- Generated by org.testng.reporters.JUnitXMLReporter -->
<testsuite hostname="Swara" ignored="0" name="Command line test" tests="13" failures="0" timestamp="2023-05-01T22:05:03 BST" time="121.389" errors="0">
  <testcase name="test1" time="0.001" classname="com.tutorialsninja.testng.TestNGDemo"/>
  <testcase name="test2" time="0.0" classname="com.tutorialsninja.testng.TestNGDemo"/>
  <testcase name="verifyProductAddedToShoppingCartSuccessFully" time="18.933" classname="com.tutorialsninja.testsuite.DesktopsTest"/>
  <testcase name="verifyProductArrangeInAlphabeticalOrder" time="2.395" classname="com.tutorialsninja.testsuite.DesktopsTest"/>
  <testcase name="verifyProductsPriceDisplayHighToLowSuccessfully" time="1.961" classname="com.tutorialsninja.testsuite.LaptopsAndNotebooksTest"/>
  <testcase name="verifyThatUserPlaceOrderSuccessfully" time="10.903" classname="com.tutorialsninja.testsuite.LaptopsAndNotebooksTest"/>
  <testcase name="verifyThatUserRegisterAccountSuccessfully" time="6.426" classname="com.tutorialsninja.testsuite.MyAccountsTest"/>
  <testcase name="verifyThatUserShouldLoginAndLogoutSuccessfully" time="4.756" classname="com.tutorialsninja.testsuite.MyAccountsTest"/>
  <testcase name="verifyUserShouldNavigateToLoginPageSuccessfully" time="0.91" classname="com.tutorialsninja.testsuite.MyAccountsTest"/>
  <testcase name="verifyUserShouldNavigateToRegisterPageSuccessfully" time="1.044" classname="com.tutorialsninja.testsuite.MyAccountsTest"/>
  <testcase name="verifyUserShouldNavigateToComponentsPageSuccessfully" time="0.963" classname="com.tutorialsninja.testsuite.TopMenuTest"/>
  <testcase name="verifyUserShouldNavigateToDesktopsPageSuccessfully" time="1.026" classname="com.tutorialsninja.testsuite.TopMenuTest"/>
  <testcase name="verifyUserShouldNavigateToLaptopsAndNotebooksPageSuccessfully" time="0.978" classname="com.tutorialsninja.testsuite.TopMenuTest"/>
</testsuite> <!-- Command line test -->
